<?xml version="1.0" encoding="UTF-8" ?>
<testsuite failures="0" time="0.019" errors="0" skipped="0" tests="25" name="com.softserveinc.calendar.helper.HtmlUtilsTest">
  <properties>
    <property name="java.runtime.name" value="Java(TM) SE Runtime Environment"/>
    <property name="sun.boot.library.path" value="C:\Program Files (x86)\Java\jdk1.6.0_14\jre\bin"/>
    <property name="java.vm.version" value="14.0-b16"/>
    <property name="java.vm.vendor" value="Sun Microsystems Inc."/>
    <property name="java.vendor.url" value="http://java.sun.com/"/>
    <property name="path.separator" value=";"/>
    <property name="java.vm.name" value="Java HotSpot(TM) Client VM"/>
    <property name="file.encoding.pkg" value="sun.io"/>
    <property name="user.country" value="US"/>
    <property name="sun.java.launcher" value="SUN_STANDARD"/>
    <property name="sun.os.patch.level" value="Service Pack 1"/>
    <property name="java.vm.specification.name" value="Java Virtual Machine Specification"/>
    <property name="user.dir" value="D:\Work\_TestProjects\Calendar"/>
    <property name="java.runtime.version" value="1.6.0_14-b08"/>
    <property name="java.awt.graphicsenv" value="sun.awt.Win32GraphicsEnvironment"/>
    <property name="basedir" value="D:\Work\_TestProjects\Calendar"/>
    <property name="java.endorsed.dirs" value="C:\Program Files (x86)\Java\jdk1.6.0_14\jre\lib\endorsed"/>
    <property name="os.arch" value="x86"/>
    <property name="surefire.real.class.path" value="D:\Work\_TestProjects\Calendar\target\surefire\surefirebooter9191128387451394822.jar"/>
    <property name="java.io.tmpdir" value="C:\Users\iklyuf\AppData\Local\Temp\"/>
    <property name="line.separator" value="
"/>
    <property name="java.vm.specification.vendor" value="Sun Microsystems Inc."/>
    <property name="user.variant" value=""/>
    <property name="os.name" value="Windows 7"/>
    <property name="sun.jnu.encoding" value="Cp1251"/>
    <property name="java.library.path" value="C:\Program Files (x86)\Java\jdk1.6.0_14\jre\bin;.;C:\Windows\Sun\Java\bin;C:\Windows\system32;C:\Windows;C:/Program Files (x86)/Java/jdk1.6.0_14/bin/../jre/bin/client;C:/Program Files (x86)/Java/jdk1.6.0_14/bin/../jre/bin;C:/Program Files (x86)/Java/jdk1.6.0_14/bin/../jre/lib/i386;C:\Windows\system32;C:\Windows;C:\Windows\System32\Wbem;C:\Windows\System32\WindowsPowerShell\v1.0\;C:\Program Files (x86)\Kaspersky Lab\Kaspersky Anti-Virus 6.0 for Windows Workstations MP4\;C:\Program Files (x86)\Java\jdk1.6.0_14\bin;D:\Programs\apache-maven-2.2.1-bin\bin;C:\Program Files (x86)\AccuRevServer\bin;%ACCUREV_COMMAND_LOGFILE%;C:\Program Files (x86)\AccuRev\bin;C:\Program Files (x86)\NewAccuRevClient\AccuRev5.5-a7\bin;C:\Program Files\TortoiseSVN\bin;D:\Downloads\apache-ant-1.8.4\bin"/>
    <property name="surefire.test.class.path" value="D:\Work\_TestProjects\Calendar\target\test-classes;D:\Work\_TestProjects\Calendar\target\classes;D:\Programs\apache-maven-2.2.1-bin\repository\commons-io\commons-io\1.4\commons-io-1.4.jar;D:\Programs\apache-maven-2.2.1-bin\repository\org\springframework\spring-web\3.1.0.RELEASE\spring-web-3.1.0.RELEASE.jar;D:\Programs\apache-maven-2.2.1-bin\repository\aopalliance\aopalliance\1.0\aopalliance-1.0.jar;D:\Programs\apache-maven-2.2.1-bin\repository\org\springframework\spring-beans\3.1.0.RELEASE\spring-beans-3.1.0.RELEASE.jar;D:\Programs\apache-maven-2.2.1-bin\repository\org\springframework\spring-core\3.1.0.RELEASE\spring-core-3.1.0.RELEASE.jar;D:\Programs\apache-maven-2.2.1-bin\repository\commons-logging\commons-logging\1.1.1\commons-logging-1.1.1.jar;D:\Programs\apache-maven-2.2.1-bin\repository\org\springframework\spring-context\3.1.0.RELEASE\spring-context-3.1.0.RELEASE.jar;D:\Programs\apache-maven-2.2.1-bin\repository\org\springframework\spring-aop\3.1.0.RELEASE\spring-aop-3.1.0.RELEASE.jar;D:\Programs\apache-maven-2.2.1-bin\repository\org\springframework\spring-expression\3.1.0.RELEASE\spring-expression-3.1.0.RELEASE.jar;D:\Programs\apache-maven-2.2.1-bin\repository\org\springframework\spring-asm\3.1.0.RELEASE\spring-asm-3.1.0.RELEASE.jar;D:\Programs\apache-maven-2.2.1-bin\repository\org\springframework\spring-webmvc\3.1.0.RELEASE\spring-webmvc-3.1.0.RELEASE.jar;D:\Programs\apache-maven-2.2.1-bin\repository\org\springframework\spring-context-support\3.1.0.RELEASE\spring-context-support-3.1.0.RELEASE.jar;D:\Programs\apache-maven-2.2.1-bin\repository\javax\inject\javax.inject\1\javax.inject-1.jar;D:\Programs\apache-maven-2.2.1-bin\repository\javax\servlet\javax.servlet-api\3.0.1\javax.servlet-api-3.0.1.jar;D:\Programs\apache-maven-2.2.1-bin\repository\javax\servlet\jsp\jsp-api\2.1\jsp-api-2.1.jar;D:\Programs\apache-maven-2.2.1-bin\repository\javax\servlet\jstl\1.2\jstl-1.2.jar;D:\Programs\apache-maven-2.2.1-bin\repository\junit\junit\4.7\junit-4.7.jar;D:\Programs\apache-maven-2.2.1-bin\repository\org\mockito\mockito-all\1.8.4\mockito-all-1.8.4.jar;D:\Programs\apache-maven-2.2.1-bin\repository\commons-lang\commons-lang\1.0\commons-lang-1.0.jar;D:\Programs\apache-maven-2.2.1-bin\repository\org\springframework\spring-mock\1.1\spring-mock-1.1.jar;"/>
    <property name="java.specification.name" value="Java Platform API Specification"/>
    <property name="java.class.version" value="50.0"/>
    <property name="sun.management.compiler" value="HotSpot Client Compiler"/>
    <property name="os.version" value="6.1"/>
    <property name="user.home" value="C:\Users\iklyuf"/>
    <property name="user.timezone" value=""/>
    <property name="java.awt.printerjob" value="sun.awt.windows.WPrinterJob"/>
    <property name="java.specification.version" value="1.6"/>
    <property name="file.encoding" value="Cp1252"/>
    <property name="user.name" value="iklyuf"/>
    <property name="java.class.path" value="D:\Work\_TestProjects\Calendar\target\test-classes;D:\Work\_TestProjects\Calendar\target\classes;D:\Programs\apache-maven-2.2.1-bin\repository\commons-io\commons-io\1.4\commons-io-1.4.jar;D:\Programs\apache-maven-2.2.1-bin\repository\org\springframework\spring-web\3.1.0.RELEASE\spring-web-3.1.0.RELEASE.jar;D:\Programs\apache-maven-2.2.1-bin\repository\aopalliance\aopalliance\1.0\aopalliance-1.0.jar;D:\Programs\apache-maven-2.2.1-bin\repository\org\springframework\spring-beans\3.1.0.RELEASE\spring-beans-3.1.0.RELEASE.jar;D:\Programs\apache-maven-2.2.1-bin\repository\org\springframework\spring-core\3.1.0.RELEASE\spring-core-3.1.0.RELEASE.jar;D:\Programs\apache-maven-2.2.1-bin\repository\commons-logging\commons-logging\1.1.1\commons-logging-1.1.1.jar;D:\Programs\apache-maven-2.2.1-bin\repository\org\springframework\spring-context\3.1.0.RELEASE\spring-context-3.1.0.RELEASE.jar;D:\Programs\apache-maven-2.2.1-bin\repository\org\springframework\spring-aop\3.1.0.RELEASE\spring-aop-3.1.0.RELEASE.jar;D:\Programs\apache-maven-2.2.1-bin\repository\org\springframework\spring-expression\3.1.0.RELEASE\spring-expression-3.1.0.RELEASE.jar;D:\Programs\apache-maven-2.2.1-bin\repository\org\springframework\spring-asm\3.1.0.RELEASE\spring-asm-3.1.0.RELEASE.jar;D:\Programs\apache-maven-2.2.1-bin\repository\org\springframework\spring-webmvc\3.1.0.RELEASE\spring-webmvc-3.1.0.RELEASE.jar;D:\Programs\apache-maven-2.2.1-bin\repository\org\springframework\spring-context-support\3.1.0.RELEASE\spring-context-support-3.1.0.RELEASE.jar;D:\Programs\apache-maven-2.2.1-bin\repository\javax\inject\javax.inject\1\javax.inject-1.jar;D:\Programs\apache-maven-2.2.1-bin\repository\javax\servlet\javax.servlet-api\3.0.1\javax.servlet-api-3.0.1.jar;D:\Programs\apache-maven-2.2.1-bin\repository\javax\servlet\jsp\jsp-api\2.1\jsp-api-2.1.jar;D:\Programs\apache-maven-2.2.1-bin\repository\javax\servlet\jstl\1.2\jstl-1.2.jar;D:\Programs\apache-maven-2.2.1-bin\repository\junit\junit\4.7\junit-4.7.jar;D:\Programs\apache-maven-2.2.1-bin\repository\org\mockito\mockito-all\1.8.4\mockito-all-1.8.4.jar;D:\Programs\apache-maven-2.2.1-bin\repository\commons-lang\commons-lang\1.0\commons-lang-1.0.jar;D:\Programs\apache-maven-2.2.1-bin\repository\org\springframework\spring-mock\1.1\spring-mock-1.1.jar;"/>
    <property name="java.vm.specification.version" value="1.0"/>
    <property name="sun.arch.data.model" value="32"/>
    <property name="java.home" value="C:\Program Files (x86)\Java\jdk1.6.0_14\jre"/>
    <property name="java.specification.vendor" value="Sun Microsystems Inc."/>
    <property name="user.language" value="en"/>
    <property name="awt.toolkit" value="sun.awt.windows.WToolkit"/>
    <property name="java.vm.info" value="mixed mode, sharing"/>
    <property name="java.version" value="1.6.0_14"/>
    <property name="java.ext.dirs" value="C:\Program Files (x86)\Java\jdk1.6.0_14\jre\lib\ext;C:\Windows\Sun\Java\lib\ext"/>
    <property name="sun.boot.class.path" value="C:\Program Files (x86)\Java\jdk1.6.0_14\jre\lib\resources.jar;C:\Program Files (x86)\Java\jdk1.6.0_14\jre\lib\rt.jar;C:\Program Files (x86)\Java\jdk1.6.0_14\jre\lib\sunrsasign.jar;C:\Program Files (x86)\Java\jdk1.6.0_14\jre\lib\jsse.jar;C:\Program Files (x86)\Java\jdk1.6.0_14\jre\lib\jce.jar;C:\Program Files (x86)\Java\jdk1.6.0_14\jre\lib\charsets.jar;C:\Program Files (x86)\Java\jdk1.6.0_14\jre\classes"/>
    <property name="java.vendor" value="Sun Microsystems Inc."/>
    <property name="localRepository" value="D:\Programs\apache-maven-2.2.1-bin\repository"/>
    <property name="file.separator" value="\"/>
    <property name="java.vendor.url.bug" value="http://java.sun.com/cgi-bin/bugreport.cgi"/>
    <property name="sun.cpu.endian" value="little"/>
    <property name="sun.io.unicode.encoding" value="UnicodeLittle"/>
    <property name="sun.desktop" value="windows"/>
    <property name="sun.cpu.isalist" value="pentium_pro+mmx pentium_pro pentium+mmx pentium i486 i386 i86"/>
  </properties>
  <testcase time="0" classname="com.softserveinc.calendar.helper.HtmlUtilsTest" name="testCreateHtmlTitle"/>
  <testcase time="0.001" classname="com.softserveinc.calendar.helper.HtmlUtilsTest" name="testGetHead"/>
  <testcase time="0" classname="com.softserveinc.calendar.helper.HtmlUtilsTest" name="testGetHtmlFooter"/>
  <testcase time="0" classname="com.softserveinc.calendar.helper.HtmlUtilsTest" name="testGetTableHead"/>
  <testcase time="0" classname="com.softserveinc.calendar.helper.HtmlUtilsTest" name="testGetTR"/>
  <testcase time="0" classname="com.softserveinc.calendar.helper.HtmlUtilsTest" name="testGetTDStringString"/>
  <testcase time="0" classname="com.softserveinc.calendar.helper.HtmlUtilsTest" name="testGetTDIntStringString"/>
  <testcase time="0" classname="com.softserveinc.calendar.helper.HtmlUtilsTest" name="testGetOpenedTD"/>
  <testcase time="0" classname="com.softserveinc.calendar.helper.HtmlUtilsTest" name="testGetClosedTR"/>
  <testcase time="0" classname="com.softserveinc.calendar.helper.HtmlUtilsTest" name="testGetClosedTD"/>
  <testcase time="0.001" classname="com.softserveinc.calendar.helper.HtmlUtilsTest" name="testGetOpenedForm"/>
  <testcase time="0" classname="com.softserveinc.calendar.helper.HtmlUtilsTest" name="testGetClosedForm"/>
  <testcase time="0" classname="com.softserveinc.calendar.helper.HtmlUtilsTest" name="testGetOpenedDivForm"/>
  <testcase time="0" classname="com.softserveinc.calendar.helper.HtmlUtilsTest" name="testGetClosedFormDiv"/>
  <testcase time="0.001" classname="com.softserveinc.calendar.helper.HtmlUtilsTest" name="testGetRadioButton"/>
  <testcase time="0.001" classname="com.softserveinc.calendar.helper.HtmlUtilsTest" name="testGetButtonString"/>
  <testcase time="0" classname="com.softserveinc.calendar.helper.HtmlUtilsTest" name="testGetButtonStringIntInt"/>
  <testcase time="0" classname="com.softserveinc.calendar.helper.HtmlUtilsTest" name="testGetHiddenButtonString"/>
  <testcase time="0" classname="com.softserveinc.calendar.helper.HtmlUtilsTest" name="testGetHiddenButtonStringString"/>
  <testcase time="0" classname="com.softserveinc.calendar.helper.HtmlUtilsTest" name="testGetBoldText"/>
  <testcase time="0" classname="com.softserveinc.calendar.helper.HtmlUtilsTest" name="testGetText"/>
  <testcase time="0" classname="com.softserveinc.calendar.helper.HtmlUtilsTest" name="testGetClosedTable"/>
  <testcase time="0" classname="com.softserveinc.calendar.helper.HtmlUtilsTest" name="testGetSelect"/>
  <testcase time="0" classname="com.softserveinc.calendar.helper.HtmlUtilsTest" name="testGetClosedSelect"/>
  <testcase time="0" classname="com.softserveinc.calendar.helper.HtmlUtilsTest" name="testGetOption"/>
</testsuite>